Using pre-set license
Built from '2022.3/staging' branch; Version is '2022.3.40f1 (cbdda657d2f0) revision 13360550'; Using compiler version '192829333'; Build Type 'Release'
OS: 'Windows 11  (10.0.22631) 64bit CoreSingleLanguage' Language: 'en' Physical Memory: 16053 MB
BatchMode: 1, IsHumanControllingUs: 0, StartBugReporterOnCrash: 0, Is64bit: 1, IsPro: 1

COMMAND LINE ARGUMENTS:
C:\Program Files\Unity\Hub\Editor\2022.3.40f1\Editor\Unity.exe
-adb2
-batchMode
-noUpm
-name
AssetImportWorker0
-projectPath
C:/github/KR150Program
-logFile
Logs/AssetImportWorker0.log
-srvPort
63336
Successfully changed project path to: C:/github/KR150Program
C:/github/KR150Program
[UnityMemory] Configuration Parameters - Can be set up in boot.config
    "memorysetup-bucket-allocator-granularity=16"
    "memorysetup-bucket-allocator-bucket-count=8"
    "memorysetup-bucket-allocator-block-size=33554432"
    "memorysetup-bucket-allocator-block-count=8"
    "memorysetup-main-allocator-block-size=16777216"
    "memorysetup-thread-allocator-block-size=16777216"
    "memorysetup-gfx-main-allocator-block-size=16777216"
    "memorysetup-gfx-thread-allocator-block-size=16777216"
    "memorysetup-cache-allocator-block-size=4194304"
    "memorysetup-typetree-allocator-block-size=2097152"
    "memorysetup-profiler-bucket-allocator-granularity=16"
    "memorysetup-profiler-bucket-allocator-bucket-count=8"
    "memorysetup-profiler-bucket-allocator-block-size=33554432"
    "memorysetup-profiler-bucket-allocator-block-count=8"
    "memorysetup-profiler-allocator-block-size=16777216"
    "memorysetup-profiler-editor-allocator-block-size=1048576"
    "memorysetup-temp-allocator-size-main=16777216"
    "memorysetup-job-temp-allocator-block-size=2097152"
    "memorysetup-job-temp-allocator-block-size-background=1048576"
    "memorysetup-job-temp-allocator-reduction-small-platforms=262144"
    "memorysetup-allocator-temp-initial-block-size-main=262144"
    "memorysetup-allocator-temp-initial-block-size-worker=262144"
    "memorysetup-temp-allocator-size-background-worker=32768"
    "memorysetup-temp-allocator-size-job-worker=262144"
    "memorysetup-temp-allocator-size-preload-manager=33554432"
    "memorysetup-temp-allocator-size-nav-mesh-worker=65536"
    "memorysetup-temp-allocator-size-audio-worker=65536"
    "memorysetup-temp-allocator-size-cloud-worker=32768"
    "memorysetup-temp-allocator-size-gi-baking-worker=262144"
    "memorysetup-temp-allocator-size-gfx=262144"
Player connection [6704]  Target information:

Player connection [6704]  * "[IP] 192.168.0.104 [Port] 0 [Flags] 2 [Guid] 1004153547 [EditorId] 1004153547 [Version] 1048832 [Id] WindowsEditor(7,15E0-A120) [Debug] 1 [PackageName] WindowsEditor [ProjectName] Editor" 

Player connection [6704] Host joined multi-casting on [225.0.0.222:54997]...
Player connection [6704] Host joined alternative multi-casting on [225.0.0.222:34997]...
[PhysX] Initialized MultithreadedTaskDispatcher with 12 workers.
Refreshing native plugins compatible for Editor in 2281.99 ms, found 3 plugins.
Preloading 0 native plugins for Editor in 0.00 ms.
Initialize engine version: 2022.3.40f1 (cbdda657d2f0)
[Subsystems] Discovering subsystems at path C:/Program Files/Unity/Hub/Editor/2022.3.40f1/Editor/Data/Resources/UnitySubsystems
[Subsystems] Discovering subsystems at path C:/github/KR150Program/Assets
GfxDevice: creating device client; threaded=0; jobified=0
Direct3D:
    Version:  Direct3D 11.0 [level 11.1]
    Renderer: NVIDIA GeForce RTX 2050 (ID=0x25a9)
    Vendor:   NVIDIA
    VRAM:     3979 MB
    Driver:   31.0.15.3645
Initialize mono
Mono path[0] = 'C:/Program Files/Unity/Hub/Editor/2022.3.40f1/Editor/Data/Managed'
Mono path[1] = 'C:/Program Files/Unity/Hub/Editor/2022.3.40f1/Editor/Data/MonoBleedingEdge/lib/mono/unityjit-win32'
Mono config path = 'C:/Program Files/Unity/Hub/Editor/2022.3.40f1/Editor/Data/MonoBleedingEdge/etc'
Using monoOptions --debugger-agent=transport=dt_socket,embedding=1,server=y,suspend=n,address=127.0.0.1:56016
Begin MonoManager ReloadAssembly
Registering precompiled unity dll's ...
Register platform support module: C:/Program Files/Unity/Hub/Editor/2022.3.40f1/Editor/Data/PlaybackEngines/WindowsStandaloneSupport/UnityEditor.WindowsStandalone.Extensions.dll
Registered in 0.190713 seconds.
- Loaded All Assemblies, in  7.931 seconds
Native extension for WindowsStandalone target not found
Mono: successfully reloaded assembly
- Finished resetting the current domain, in  0.254 seconds
Domain Reload Profiling: 8184ms
	BeginReloadAssembly (5946ms)
		ExecutionOrderSort (0ms)
		DisableScriptedObjects (0ms)
		BackupInstance (0ms)
		ReleaseScriptingObjects (0ms)
		CreateAndSetChildDomain (1ms)
	RebuildCommonClasses (517ms)
	RebuildNativeTypeToScriptingClass (9ms)
	initialDomainReloadingComplete (244ms)
	LoadAllAssembliesAndSetupDomain (1214ms)
		LoadAssemblies (5944ms)
		RebuildTransferFunctionScriptingTraits (0ms)
		AnalyzeDomain (1212ms)
			TypeCache.Refresh (1211ms)
				TypeCache.ScanAssembly (893ms)
			ScanForSourceGeneratedMonoScriptInfo (0ms)
			ResolveRequiredComponents (0ms)
	FinalizeReload (254ms)
		ReleaseScriptCaches (0ms)
		RebuildScriptCaches (0ms)
		SetupLoadedEditorAssemblies (215ms)
			LogAssemblyErrors (0ms)
			InitializePlatformSupportModulesInManaged (9ms)
			SetLoadedEditorAssemblies (6ms)
			RefreshPlugins (0ms)
			BeforeProcessingInitializeOnLoad (2ms)
			ProcessInitializeOnLoadAttributes (148ms)
			ProcessInitializeOnLoadMethodAttributes (49ms)
			AfterProcessingInitializeOnLoad (0ms)
			EditorAssembliesLoaded (0ms)
		ExecutionOrderSort2 (0ms)
		AwakeInstancesAfterBackupRestoration (0ms)
========================================================================
Worker process is ready to serve import requests
Caller must complete domain reload
Begin MonoManager ReloadAssembly
- Loaded All Assemblies, in  7.702 seconds
Native extension for WindowsStandalone target not found
Package Manager log level set to [2]
[Package Manager] Server::EnsureServerProcessIsRunning -- launch failed, reason: Unity was launched with the -noUpm command-line argument
[Package Manager] UpmClient::Send -- Unable to send message (not connected to UPM process).
[Package Manager] Cannot connect to Unity Package Manager local server
Mono: successfully reloaded assembly
- Finished resetting the current domain, in  0.736 seconds
Domain Reload Profiling: 8435ms
	BeginReloadAssembly (148ms)
		ExecutionOrderSort (0ms)
		DisableScriptedObjects (6ms)
		BackupInstance (0ms)
		ReleaseScriptingObjects (0ms)
		CreateAndSetChildDomain (21ms)
	RebuildCommonClasses (29ms)
	RebuildNativeTypeToScriptingClass (9ms)
	initialDomainReloadingComplete (42ms)
	LoadAllAssembliesAndSetupDomain (7471ms)
		LoadAssemblies (6788ms)
		RebuildTransferFunctionScriptingTraits (0ms)
		AnalyzeDomain (770ms)
			TypeCache.Refresh (746ms)
				TypeCache.ScanAssembly (667ms)
			ScanForSourceGeneratedMonoScriptInfo (15ms)
			ResolveRequiredComponents (6ms)
	FinalizeReload (736ms)
		ReleaseScriptCaches (0ms)
		RebuildScriptCaches (0ms)
		SetupLoadedEditorAssemblies (594ms)
			LogAssemblyErrors (0ms)
			InitializePlatformSupportModulesInManaged (7ms)
			SetLoadedEditorAssemblies (5ms)
			RefreshPlugins (0ms)
			BeforeProcessingInitializeOnLoad (68ms)
			ProcessInitializeOnLoadAttributes (487ms)
			ProcessInitializeOnLoadMethodAttributes (20ms)
			AfterProcessingInitializeOnLoad (7ms)
			EditorAssembliesLoaded (0ms)
		ExecutionOrderSort2 (0ms)
		AwakeInstancesAfterBackupRestoration (6ms)
Launched and connected shader compiler UnityShaderCompiler.exe after 0.06 seconds
Refreshing native plugins compatible for Editor in 3.72 ms, found 3 plugins.
Preloading 0 native plugins for Editor in 0.00 ms.
Unloading 3482 Unused Serialized files (Serialized files now loaded: 0)
Unloading 35 unused Assets / (130.0 KB). Loaded Objects now: 3950.
Memory consumption went from 141.8 MB to 141.7 MB.
Total: 3.215000 ms (FindLiveObjects: 0.320000 ms CreateObjectMapping: 0.222800 ms MarkObjects: 2.526300 ms  DeleteObjects: 0.143900 ms)

AssetImportParameters requested are different than current active one (requested -> active):
  custom:container-demuxer-ogg: 62fdf1f143b41e24485cea50d1cbac27 -> 
  custom:video-codec-MediaFoundation-h265: 746d11721c4dcdbdad8f713fa42b33f4 -> 
  custom:video-decoder-ogg-theora: a1e56fd34408186e4bbccfd4996cb3dc -> 
  custom:framework-win-MediaFoundation: 216162199b28c13a410421893ffa2e32 -> 
  custom:CustomObjectIndexerAttribute: 9a22284fe3817be447336de3de66b15e -> 
  custom:container-demuxer-webm: 4f35f7cbe854078d1ac9338744f61a02 -> 
  custom:container-muxer-webm: aa71ff27fc2769a1b78a27578f13a17b -> 
  custom:video-decoder-webm-vp8: 9c59270c3fd7afecdb556c50c9e8de78 -> 
  custom:SearchIndexIgnoredProperties: e643bd26f0fe6173181afceb89e7c659 -> 
  custom:AudioImporter_EditorPlatform: d09bf68614088b80899f8185d706f6e7 -> 
  custom:video-encoder-webm-vp8: eb34c28f22e8b96e1ab97ce403110664 -> 
  custom:audio-decoder-ogg-vorbis: bf7c407c2cedff20999df2af8eb42d56 -> 
  custom:audio-encoder-webm-vorbis: bf7c407c2cedff20999df2af8eb42d56 -> 
========================================================================
Received Import Request.
  Time since last request: 96389.341549 seconds.
  path: Assets/PleebieJeebies/Prefabs/Scroll View.prefab
  artifactKey: Guid(bd4fd7deadfbb8e48a164c5a3584ed3b) Importer(815301076,1909f56bfc062723c751e8b465ee728b)
Start importing Assets/PleebieJeebies/Prefabs/Scroll View.prefab using Guid(bd4fd7deadfbb8e48a164c5a3584ed3b) Importer(815301076,1909f56bfc062723c751e8b465ee728b) [PhysX] Initialized MultithreadedTaskDispatcher with 12 workers.
 -> (artifact id: '2ac6203fbf3e6f6e43da39ca1a9308cf') in 0.034974 seconds
Number of updated asset objects reloaded before import = 0
Number of asset objects unloaded after import = 45
========================================================================
Received Import Request.
  Time since last request: 161.090913 seconds.
  path: Assets/Basic/Buttons
  artifactKey: Guid(99cb73cbae1870749a4c6d930ca82488) Importer(815301076,1909f56bfc062723c751e8b465ee728b)
Start importing Assets/Basic/Buttons using Guid(99cb73cbae1870749a4c6d930ca82488) Importer(815301076,1909f56bfc062723c751e8b465ee728b) [PhysX] Initialized MultithreadedTaskDispatcher with 12 workers.
 -> (artifact id: '49227cedb537836a914b56007f22008b') in 0.000491 seconds
Number of updated asset objects reloaded before import = 0
Number of asset objects unloaded after import = 0
========================================================================
Received Import Request.
  Time since last request: 0.093048 seconds.
  path: Assets/Basic/Buttons/Audio.prefab
  artifactKey: Guid(dac8da129968d894c9fea556fbabfe31) Importer(815301076,1909f56bfc062723c751e8b465ee728b)
Start importing Assets/Basic/Buttons/Audio.prefab using Guid(dac8da129968d894c9fea556fbabfe31) Importer(815301076,1909f56bfc062723c751e8b465ee728b) [PhysX] Initialized MultithreadedTaskDispatcher with 12 workers.
 -> (artifact id: '39100f5d6a2e7377ce287329a84731fb') in 0.006144 seconds
Number of updated asset objects reloaded before import = 0
Number of asset objects unloaded after import = 9
========================================================================
Received Import Request.
  Time since last request: 0.000015 seconds.
  path: Assets/Basic/Buttons/Next.prefab
  artifactKey: Guid(535b009c082da2347986ef12cd0c34e5) Importer(815301076,1909f56bfc062723c751e8b465ee728b)
Start importing Assets/Basic/Buttons/Next.prefab using Guid(535b009c082da2347986ef12cd0c34e5) Importer(815301076,1909f56bfc062723c751e8b465ee728b) [PhysX] Initialized MultithreadedTaskDispatcher with 12 workers.
 -> (artifact id: '869acc785e54caa792109376b815c7dd') in 0.006128 seconds
Number of updated asset objects reloaded before import = 0
Number of asset objects unloaded after import = 9
========================================================================
Received Import Request.
  Time since last request: 0.000015 seconds.
  path: Assets/Basic/Buttons/Retry.prefab
  artifactKey: Guid(a0032444f7f6d7c49b5039be4a4d76ca) Importer(815301076,1909f56bfc062723c751e8b465ee728b)
Start importing Assets/Basic/Buttons/Retry.prefab using Guid(a0032444f7f6d7c49b5039be4a4d76ca) Importer(815301076,1909f56bfc062723c751e8b465ee728b) [PhysX] Initialized MultithreadedTaskDispatcher with 12 workers.
 -> (artifact id: 'ac5f0f8ae968c216ff91798e2aee6f03') in 0.003054 seconds
Number of updated asset objects reloaded before import = 0
Number of asset objects unloaded after import = 9
========================================================================
Received Import Request.
  Time since last request: 0.000013 seconds.
  path: Assets/Basic/Buttons/Continue.prefab
  artifactKey: Guid(34b2a610b97a1f8458184d50a0c77ec7) Importer(815301076,1909f56bfc062723c751e8b465ee728b)
Start importing Assets/Basic/Buttons/Continue.prefab using Guid(34b2a610b97a1f8458184d50a0c77ec7) Importer(815301076,1909f56bfc062723c751e8b465ee728b) [PhysX] Initialized MultithreadedTaskDispatcher with 12 workers.
 -> (artifact id: 'b056368d297a1d05ded0db190d161fe2') in 0.001862 seconds
Number of updated asset objects reloaded before import = 0
Number of asset objects unloaded after import = 9
========================================================================
Received Import Request.
  Time since last request: 0.000016 seconds.
  path: Assets/Basic/Buttons/Exit.prefab
  artifactKey: Guid(8289740c30797a64b8ce56b0e350c438) Importer(815301076,1909f56bfc062723c751e8b465ee728b)
Start importing Assets/Basic/Buttons/Exit.prefab using Guid(8289740c30797a64b8ce56b0e350c438) Importer(815301076,1909f56bfc062723c751e8b465ee728b) [PhysX] Initialized MultithreadedTaskDispatcher with 12 workers.
 -> (artifact id: '749fb17fccee8e1c5678c9597e856dfd') in 0.002431 seconds
Number of updated asset objects reloaded before import = 0
Number of asset objects unloaded after import = 9
========================================================================
Received Import Request.
  Time since last request: 0.000015 seconds.
  path: Assets/Basic/Buttons/Store.prefab
  artifactKey: Guid(53f1136259afec9439f472570436101b) Importer(815301076,1909f56bfc062723c751e8b465ee728b)
Start importing Assets/Basic/Buttons/Store.prefab using Guid(53f1136259afec9439f472570436101b) Importer(815301076,1909f56bfc062723c751e8b465ee728b) [PhysX] Initialized MultithreadedTaskDispatcher with 12 workers.
 -> (artifact id: '0e8c58ef5bf5401c4078e2baf2cf9d0e') in 0.001819 seconds
Number of updated asset objects reloaded before import = 0
Number of asset objects unloaded after import = 9
========================================================================
Received Import Request.
  Time since last request: 4.511749 seconds.
  path: Assets/Basic/Textures
  artifactKey: Guid(6e2032949dd52d3448c38bbe805435f7) Importer(815301076,1909f56bfc062723c751e8b465ee728b)
Start importing Assets/Basic/Textures using Guid(6e2032949dd52d3448c38bbe805435f7) Importer(815301076,1909f56bfc062723c751e8b465ee728b) [PhysX] Initialized MultithreadedTaskDispatcher with 12 workers.
 -> (artifact id: 'bdfd8d2e7bc76cbdecd3b41a8e821601') in 0.000406 seconds
Number of updated asset objects reloaded before import = 0
Number of asset objects unloaded after import = 0
========================================================================
Received Import Request.
  Time since last request: 0.094896 seconds.
  path: Assets/Basic/Textures/audio_grey.png
  artifactKey: Guid(d6a2a86901e00094ba37083239f87eab) Importer(815301076,1909f56bfc062723c751e8b465ee728b)
Start importing Assets/Basic/Textures/audio_grey.png using Guid(d6a2a86901e00094ba37083239f87eab) Importer(815301076,1909f56bfc062723c751e8b465ee728b) [PhysX] Initialized MultithreadedTaskDispatcher with 12 workers.
[PhysX] Initialized MultithreadedTaskDispatcher with 12 workers.
 -> (artifact id: '268e27e4c141f8d7710988ae71fd3e0a') in 0.070639 seconds
Number of updated asset objects reloaded before import = 0
Number of asset objects unloaded after import = 3
========================================================================
Received Import Request.
  Time since last request: 0.000035 seconds.
  path: Assets/Basic/Textures/next_grey_pressed.png
  artifactKey: Guid(d930abb59e3785b418af600e73ad25a3) Importer(815301076,1909f56bfc062723c751e8b465ee728b)
Start importing Assets/Basic/Textures/next_grey_pressed.png using Guid(d930abb59e3785b418af600e73ad25a3) Importer(815301076,1909f56bfc062723c751e8b465ee728b) [PhysX] Initialized MultithreadedTaskDispatcher with 12 workers.
[PhysX] Initialized MultithreadedTaskDispatcher with 12 workers.
 -> (artifact id: 'a87cf6df5a6577f5bf19fe94b70c8c89') in 0.019379 seconds
Number of updated asset objects reloaded before import = 0
Number of asset objects unloaded after import = 3
========================================================================
Received Import Request.
  Time since last request: 0.000018 seconds.
  path: Assets/Basic/Textures/next_grey.png
  artifactKey: Guid(f4f7c8bd20b00af4892d04c4bcfa52f8) Importer(815301076,1909f56bfc062723c751e8b465ee728b)
Start importing Assets/Basic/Textures/next_grey.png using Guid(f4f7c8bd20b00af4892d04c4bcfa52f8) Importer(815301076,1909f56bfc062723c751e8b465ee728b) [PhysX] Initialized MultithreadedTaskDispatcher with 12 workers.
[PhysX] Initialized MultithreadedTaskDispatcher with 12 workers.
 -> (artifact id: 'e3ed81b8c22bfd170193b64d43dd1e2f') in 0.018087 seconds
Number of updated asset objects reloaded before import = 0
Number of asset objects unloaded after import = 3
========================================================================
Received Import Request.
  Time since last request: 0.000017 seconds.
  path: Assets/Basic/Textures/pause_grey_pressed.png
  artifactKey: Guid(263be57374abaaf489d84b3f2f63d705) Importer(815301076,1909f56bfc062723c751e8b465ee728b)
Start importing Assets/Basic/Textures/pause_grey_pressed.png using Guid(263be57374abaaf489d84b3f2f63d705) Importer(815301076,1909f56bfc062723c751e8b465ee728b) [PhysX] Initialized MultithreadedTaskDispatcher with 12 workers.
[PhysX] Initialized MultithreadedTaskDispatcher with 12 workers.
 -> (artifact id: '7a8d917ff388e21bc9f1d298b36d4093') in 0.029170 seconds
Number of updated asset objects reloaded before import = 0
Number of asset objects unloaded after import = 3
========================================================================
Received Import Request.
  Time since last request: 0.000016 seconds.
  path: Assets/Basic/Textures/retry_grey.png
  artifactKey: Guid(c8320e9bde97fea479b731442181036d) Importer(815301076,1909f56bfc062723c751e8b465ee728b)
Start importing Assets/Basic/Textures/retry_grey.png using Guid(c8320e9bde97fea479b731442181036d) Importer(815301076,1909f56bfc062723c751e8b465ee728b) [PhysX] Initialized MultithreadedTaskDispatcher with 12 workers.
[PhysX] Initialized MultithreadedTaskDispatcher with 12 workers.
 -> (artifact id: '8d07e8cc5c19f6285d542d858c4d577b') in 0.026109 seconds
Number of updated asset objects reloaded before import = 0
Number of asset objects unloaded after import = 3
========================================================================
Received Import Request.
  Time since last request: 0.000024 seconds.
  path: Assets/Basic/Textures/back_grey_pressed.png
  artifactKey: Guid(c9610c4603e1cb744868a583b6a8bd02) Importer(815301076,1909f56bfc062723c751e8b465ee728b)
Start importing Assets/Basic/Textures/back_grey_pressed.png using Guid(c9610c4603e1cb744868a583b6a8bd02) Importer(815301076,1909f56bfc062723c751e8b465ee728b) [PhysX] Initialized MultithreadedTaskDispatcher with 12 workers.
[PhysX] Initialized MultithreadedTaskDispatcher with 12 workers.
 -> (artifact id: 'e7e72436acb9e59ed8236a301e784359') in 0.046146 seconds
Number of updated asset objects reloaded before import = 0
Number of asset objects unloaded after import = 3
========================================================================
Received Import Request.
  Time since last request: 0.000017 seconds.
  path: Assets/Basic/Textures/pause_grey.png
  artifactKey: Guid(9462c88c225ea3e4c8b7dbb39b38b8ca) Importer(815301076,1909f56bfc062723c751e8b465ee728b)
Start importing Assets/Basic/Textures/pause_grey.png using Guid(9462c88c225ea3e4c8b7dbb39b38b8ca) Importer(815301076,1909f56bfc062723c751e8b465ee728b) [PhysX] Initialized MultithreadedTaskDispatcher with 12 workers.
[PhysX] Initialized MultithreadedTaskDispatcher with 12 workers.
 -> (artifact id: '6a955f45e25df566065bf30546d61b53') in 0.044965 seconds
Number of updated asset objects reloaded before import = 0
Number of asset objects unloaded after import = 3
========================================================================
Received Import Request.
  Time since last request: 0.000029 seconds.
  path: Assets/Basic/Textures/exit_grey_pressed.png
  artifactKey: Guid(c8ec6eda1882ceb4fbc258ab06090e42) Importer(815301076,1909f56bfc062723c751e8b465ee728b)
Start importing Assets/Basic/Textures/exit_grey_pressed.png using Guid(c8ec6eda1882ceb4fbc258ab06090e42) Importer(815301076,1909f56bfc062723c751e8b465ee728b) [PhysX] Initialized MultithreadedTaskDispatcher with 12 workers.
[PhysX] Initialized MultithreadedTaskDispatcher with 12 workers.
 -> (artifact id: '4e28885ec3d505522e3d908f40651ca8') in 0.032695 seconds
Number of updated asset objects reloaded before import = 0
Number of asset objects unloaded after import = 3
========================================================================
Received Import Request.
  Time since last request: 0.000021 seconds.
  path: Assets/Basic/Textures/store_grey_pressed.png
  artifactKey: Guid(fdd1674d82872ea408673e74829c8801) Importer(815301076,1909f56bfc062723c751e8b465ee728b)
Start importing Assets/Basic/Textures/store_grey_pressed.png using Guid(fdd1674d82872ea408673e74829c8801) Importer(815301076,1909f56bfc062723c751e8b465ee728b) [PhysX] Initialized MultithreadedTaskDispatcher with 12 workers.
[PhysX] Initialized MultithreadedTaskDispatcher with 12 workers.
 -> (artifact id: '6cae0fe198be5ebb6377a947b77b2307') in 0.015868 seconds
Number of updated asset objects reloaded before import = 0
Number of asset objects unloaded after import = 3
========================================================================
Received Import Request.
  Time since last request: 0.000023 seconds.
  path: Assets/Basic/Textures/PlayButton_red.png
  artifactKey: Guid(ff13115e70f245b4797c08a571605e97) Importer(815301076,1909f56bfc062723c751e8b465ee728b)
Start importing Assets/Basic/Textures/PlayButton_red.png using Guid(ff13115e70f245b4797c08a571605e97) Importer(815301076,1909f56bfc062723c751e8b465ee728b) [PhysX] Initialized MultithreadedTaskDispatcher with 12 workers.
[PhysX] Initialized MultithreadedTaskDispatcher with 12 workers.
 -> (artifact id: '7984ecc71238faf6dc422549318d6186') in 0.022206 seconds
Number of updated asset objects reloaded before import = 0
Number of asset objects unloaded after import = 3
========================================================================
Received Import Request.
  Time since last request: 0.000020 seconds.
  path: Assets/Basic/Textures/PlayButton_grey.png
  artifactKey: Guid(c3a143ad05d2b35499a33d70e82d9beb) Importer(815301076,1909f56bfc062723c751e8b465ee728b)
Start importing Assets/Basic/Textures/PlayButton_grey.png using Guid(c3a143ad05d2b35499a33d70e82d9beb) Importer(815301076,1909f56bfc062723c751e8b465ee728b) [PhysX] Initialized MultithreadedTaskDispatcher with 12 workers.
[PhysX] Initialized MultithreadedTaskDispatcher with 12 workers.
 -> (artifact id: 'f7fd0871a401910553808fe9f8921e7e') in 0.017527 seconds
Number of updated asset objects reloaded before import = 0
Number of asset objects unloaded after import = 3
========================================================================
Received Import Request.
  Time since last request: 5006.336827 seconds.
  path: Assets/Basic
  artifactKey: Guid(8ac4d31be5ee7ec4984726eddee59419) Importer(815301076,1909f56bfc062723c751e8b465ee728b)
Start importing Assets/Basic using Guid(8ac4d31be5ee7ec4984726eddee59419) Importer(815301076,1909f56bfc062723c751e8b465ee728b) [PhysX] Initialized MultithreadedTaskDispatcher with 12 workers.
 -> (artifact id: '54ce3687ee38dd149cbcf32a58a204d3') in 0.000875 seconds
Number of updated asset objects reloaded before import = 0
Number of asset objects unloaded after import = 0
